0 info it worked if it ends with ok
1 verbose cli [ '/usr/local/bin/node',
1 verbose cli   '/usr/local/bin/npm',
1 verbose cli   'install',
1 verbose cli   'angular-basicauth' ]
2 info using npm@2.14.20
3 info using node@v4.4.0
4 verbose install initial load of /Users/Sifa/git/IoT_BPM_App/IoT_BPM_App-IoT_BPM_Client/package.json
5 verbose installManyTop reading scoped package data from /Users/Sifa/git/IoT_BPM_App/IoT_BPM_App-IoT_BPM_Client/node_modules/angular/package.json
6 verbose installManyTop reading scoped package data from /Users/Sifa/git/IoT_BPM_App/IoT_BPM_App-IoT_BPM_Client/node_modules/grunt/package.json
7 verbose installManyTop reading scoped package data from /Users/Sifa/git/IoT_BPM_App/IoT_BPM_App-IoT_BPM_Client/node_modules/grunt-contrib-clean/package.json
8 verbose installManyTop reading scoped package data from /Users/Sifa/git/IoT_BPM_App/IoT_BPM_App-IoT_BPM_Client/node_modules/grunt-contrib-connect/package.json
9 verbose installManyTop reading scoped package data from /Users/Sifa/git/IoT_BPM_App/IoT_BPM_App-IoT_BPM_Client/node_modules/grunt-contrib-watch/package.json
10 verbose installManyTop reading scoped package data from /Users/Sifa/git/IoT_BPM_App/IoT_BPM_App-IoT_BPM_Client/node_modules/grunt-newer/package.json
11 verbose installManyTop reading scoped package data from /Users/Sifa/git/IoT_BPM_App/IoT_BPM_App-IoT_BPM_Client/node_modules/grunt-rev/package.json
12 verbose installManyTop reading scoped package data from /Users/Sifa/git/IoT_BPM_App/IoT_BPM_App-IoT_BPM_Client/node_modules/load-grunt-tasks/package.json
13 verbose installManyTop reading scoped package data from /Users/Sifa/git/IoT_BPM_App/IoT_BPM_App-IoT_BPM_Client/node_modules/time-grunt/package.json
14 info package.json grunt@0.4.5 No license field.
15 info package.json grunt-contrib-clean@0.5.0 No license field.
16 info package.json grunt-contrib-connect@0.7.1 No license field.
17 info package.json grunt-newer@0.5.4 No license field.
18 info package.json grunt-contrib-watch@0.6.1 No license field.
19 info package.json grunt-rev@0.1.0 No license field.
20 verbose readDependencies loading dependencies from /Users/Sifa/git/IoT_BPM_App/IoT_BPM_App-IoT_BPM_Client/package.json
21 silly cache add args [ 'angular-basicauth', null ]
22 verbose cache add spec angular-basicauth
23 silly cache add parsed spec Result {
23 silly cache add   raw: 'angular-basicauth',
23 silly cache add   scope: null,
23 silly cache add   name: 'angular-basicauth',
23 silly cache add   rawSpec: '',
23 silly cache add   spec: 'latest',
23 silly cache add   type: 'tag' }
24 silly addNamed angular-basicauth@latest
25 verbose addNamed "latest" is being treated as a dist-tag for angular-basicauth
26 info addNameTag [ 'angular-basicauth', 'latest' ]
27 silly mapToRegistry name angular-basicauth
28 silly mapToRegistry using default registry
29 silly mapToRegistry registry https://registry.npmjs.org/
30 silly mapToRegistry uri https://registry.npmjs.org/angular-basicauth
31 verbose addNameTag registry:https://registry.npmjs.org/angular-basicauth not in flight; fetching
32 verbose request uri https://registry.npmjs.org/angular-basicauth
33 verbose request no auth needed
34 info attempt registry request try #1 at 14:41:16
35 verbose request id 504d1fa72ad493c9
36 http request GET https://registry.npmjs.org/angular-basicauth
37 http 404 https://registry.npmjs.org/angular-basicauth
38 verbose headers { 'content-type': 'application/json',
38 verbose headers   'cache-control': 'max-age=0',
38 verbose headers   'content-length': '2',
38 verbose headers   'accept-ranges': 'bytes',
38 verbose headers   date: 'Thu, 07 Apr 2016 12:41:16 GMT',
38 verbose headers   via: '1.1 varnish',
38 verbose headers   age: '0',
38 verbose headers   connection: 'keep-alive',
38 verbose headers   'x-served-by': 'cache-ams4143-AMS',
38 verbose headers   'x-cache': 'MISS',
38 verbose headers   'x-cache-hits': '0',
38 verbose headers   'x-timer': 'S1460032876.651717,VS0,VE103',
38 verbose headers   vary: 'Accept-Encoding' }
39 silly get cb [ 404,
39 silly get   { 'content-type': 'application/json',
39 silly get     'cache-control': 'max-age=0',
39 silly get     'content-length': '2',
39 silly get     'accept-ranges': 'bytes',
39 silly get     date: 'Thu, 07 Apr 2016 12:41:16 GMT',
39 silly get     via: '1.1 varnish',
39 silly get     age: '0',
39 silly get     connection: 'keep-alive',
39 silly get     'x-served-by': 'cache-ams4143-AMS',
39 silly get     'x-cache': 'MISS',
39 silly get     'x-cache-hits': '0',
39 silly get     'x-timer': 'S1460032876.651717,VS0,VE103',
39 silly get     vary: 'Accept-Encoding' } ]
40 verbose stack Error: Registry returned 404 for GET on https://registry.npmjs.org/angular-basicauth
40 verbose stack     at makeError (/usr/local/lib/node_modules/npm/node_modules/npm-registry-client/lib/request.js:264:12)
40 verbose stack     at CachingRegistryClient.<anonymous> (/usr/local/lib/node_modules/npm/node_modules/npm-registry-client/lib/request.js:242:14)
40 verbose stack     at Request._callback (/usr/local/lib/node_modules/npm/node_modules/npm-registry-client/lib/request.js:172:14)
40 verbose stack     at Request.self.callback (/usr/local/lib/node_modules/npm/node_modules/request/request.js:199:22)
40 verbose stack     at emitTwo (events.js:87:13)
40 verbose stack     at Request.emit (events.js:172:7)
40 verbose stack     at Request.<anonymous> (/usr/local/lib/node_modules/npm/node_modules/request/request.js:1036:10)
40 verbose stack     at emitOne (events.js:82:20)
40 verbose stack     at Request.emit (events.js:169:7)
40 verbose stack     at IncomingMessage.<anonymous> (/usr/local/lib/node_modules/npm/node_modules/request/request.js:963:12)
41 verbose statusCode 404
42 verbose pkgid angular-basicauth
43 verbose cwd /Users/Sifa/git/IoT_BPM_App/IoT_BPM_App-IoT_BPM_Client
44 error Darwin 15.4.0
45 error argv "/usr/local/bin/node" "/usr/local/bin/npm" "install" "angular-basicauth"
46 error node v4.4.0
47 error npm  v2.14.20
48 error code E404
49 error 404 Registry returned 404 for GET on https://registry.npmjs.org/angular-basicauth
49 error 404
49 error 404 'angular-basicauth' is not in the npm registry.
49 error 404 You should bug the author to publish it (or use the name yourself!)
49 error 404 It was specified as a dependency of 'quickstart-angular-app'
49 error 404
49 error 404 Note that you can also install from a
49 error 404 tarball, folder, http url, or git url.
50 verbose exit [ 1, true ]
